<?xml version="1.0" encoding="UTF-8"?>
<!-- Generated by org.testng.reporters.JUnitReportReporter -->
<testsuite name="testingxperts.web.tests.IGP_TC_211" tests="1" time="43.197" ignored="0" failures="0" timestamp="01 Mar 2017 11:39:02 GMT" skipped="0" hostname="CB-69" errors="0">
  <testcase name="test" time="43.197" classname="testingxperts.web.tests.IGP_TC_211"/>
</testsuite> <!-- testingxperts.web.tests.IGP_TC_211 -->
