<?xml version="1.0" encoding="UTF-8"?>
<!-- Generated by org.testng.reporters.JUnitReportReporter -->
<testsuite skipped="0" hostname="admin-PC" name="testingxperts.web.tests.IGP_TC_168" tests="1" failures="0" timestamp="11 Apr 2017 10:46:58 GMT" time="49.019" errors="0">
  <testcase name="test" time="49.019" classname="testingxperts.web.tests.IGP_TC_168"/>
</testsuite> <!-- testingxperts.web.tests.IGP_TC_168 -->
