<?xml version="1.0" encoding="UTF-8"?>
<!-- Generated by org.testng.reporters.JUnitReportReporter -->
<testsuite skipped="0" hostname="admin-PC" name="testingxperts.web.tests.IGP_TC_167" tests="1" failures="0" timestamp="11 Apr 2017 10:43:33 GMT" time="44.590" errors="0">
  <testcase name="test" time="44.590" classname="testingxperts.web.tests.IGP_TC_167"/>
</testsuite> <!-- testingxperts.web.tests.IGP_TC_167 -->
