<?xml version="1.0" encoding="UTF-8"?>
<!-- Generated by org.testng.reporters.JUnitReportReporter -->
<testsuite skipped="0" hostname="admin-PC" name="testingxperts.web.tests.IGP_TC_185" tests="1" failures="0" timestamp="14 Apr 2017 13:55:23 GMT" time="64.438" errors="0">
  <testcase name="test" time="64.438" classname="testingxperts.web.tests.IGP_TC_185"/>
</testsuite> <!-- testingxperts.web.tests.IGP_TC_185 -->
