<?xml version="1.0" encoding="UTF-8"?>
<!-- Generated by org.testng.reporters.JUnitReportReporter -->
<testsuite name="testingxperts.web.tests.IGP_TC_176" tests="1" time="64.990" ignored="0" failures="0" timestamp="08 Feb 2017 11:16:21 GMT" skipped="0" hostname="DSCHD-015" errors="0">
  <testcase name="test" time="64.990" classname="testingxperts.web.tests.IGP_TC_176"/>
</testsuite> <!-- testingxperts.web.tests.IGP_TC_176 -->
