<?xml version="1.0" encoding="UTF-8"?>
<!-- Generated by org.testng.reporters.JUnitReportReporter -->
<testsuite name="suite.runner.CustomSuiteRunner" tests="1" time="164.234" ignored="0" failures="0" timestamp="07 Feb 2017 13:54:54 GMT" skipped="0" hostname="DSCHD-015" errors="0">
  <testcase name="suiteRunner" time="164.234" classname="suite.runner.CustomSuiteRunner"/>
</testsuite> <!-- suite.runner.CustomSuiteRunner -->
