<?xml version="1.0" encoding="UTF-8"?>
<!-- Generated by org.testng.reporters.JUnitReportReporter -->
<testsuite skipped="0" hostname="admin-PC" name="testingxperts.web.tests.IGP_TC_170" tests="1" failures="0" timestamp="11 Apr 2017 10:52:33 GMT" time="51.818" errors="0">
  <testcase name="test" time="51.818" classname="testingxperts.web.tests.IGP_TC_170"/>
</testsuite> <!-- testingxperts.web.tests.IGP_TC_170 -->
