<?xml version="1.0" encoding="UTF-8"?>
<!-- Generated by org.testng.reporters.JUnitReportReporter -->
<testsuite skipped="0" hostname="admin-PC" name="testingxperts.web.tests.IGP_TC_108" tests="1" failures="0" timestamp="12 Apr 2017 06:33:38 GMT" time="68.715" errors="0">
  <testcase name="test" time="68.715" classname="testingxperts.web.tests.IGP_TC_108"/>
</testsuite> <!-- testingxperts.web.tests.IGP_TC_108 -->
