<?xml version="1.0" encoding="UTF-8"?>
<!-- Generated by org.testng.reporters.JUnitReportReporter -->
<testsuite hostname="DSCHD-015" name="TestingXperts.smartshow.tests.TC_SS_1" tests="1" failures="0" timestamp="23 Nov 2016 13:15:15 GMT" time="11.376" errors="0">
  <testcase name="TC_SS_1_Test" time="11.376" classname="TestingXperts.smartshow.tests.TC_SS_1"/>
</testsuite> <!-- TestingXperts.smartshow.tests.TC_SS_1 -->
