<?xml version="1.0" encoding="UTF-8"?>
<!-- Generated by org.testng.reporters.JUnitReportReporter -->
<testsuite name="testingxperts.web.tests.IGP_TC_NewPayment" tests="1" time="134.066" ignored="0" failures="0" timestamp="27 Feb 2017 06:19:05 GMT" skipped="0" hostname="CB-69" errors="0">
  <testcase name="test" time="134.066" classname="testingxperts.web.tests.IGP_TC_NewPayment"/>
</testsuite> <!-- testingxperts.web.tests.IGP_TC_NewPayment -->
