<?xml version="1.0" encoding="UTF-8"?>
<!-- Generated by org.testng.reporters.JUnitReportReporter -->
<testsuite name="testingxperts.web.tests.IGP_TC_087" tests="1" time="34.196" ignored="0" failures="0" timestamp="24 Feb 2017 04:37:55 GMT" skipped="0" hostname="CB-69" errors="0">
  <testcase name="test" time="34.196" classname="testingxperts.web.tests.IGP_TC_087"/>
</testsuite> <!-- testingxperts.web.tests.IGP_TC_087 -->
