<?xml version="1.0" encoding="UTF-8"?>
<!-- Generated by org.testng.reporters.JUnitReportReporter -->
<testsuite name="testingxperts.web.tests.IGP_TC_106" tests="1" time="28.882" ignored="0" failures="0" timestamp="03 Mar 2017 12:00:26 GMT" skipped="0" hostname="CB-69" errors="0">
  <testcase name="test" time="28.882" classname="testingxperts.web.tests.IGP_TC_106"/>
</testsuite> <!-- testingxperts.web.tests.IGP_TC_106 -->
