<?xml version="1.0" encoding="UTF-8"?>
<!-- Generated by org.testng.reporters.JUnitReportReporter -->
<testsuite skipped="0" hostname="DSCHD-015" name="framework.tests.ExcelTest1" tests="1" failures="0" timestamp="19 Jan 2017 12:49:48 GMT" time="0.667" errors="0">
  <testcase name="test1" time="0.667" classname="framework.tests.ExcelTest1"/>
</testsuite> <!-- framework.tests.ExcelTest1 -->
