<?xml version="1.0" encoding="UTF-8"?>
<!-- Generated by org.testng.reporters.JUnitReportReporter -->
<testsuite skipped="0" hostname="admin-PC" name="testingxperts.web.tests.IGP_TC_242" tests="1" failures="0" timestamp="11 Apr 2017 12:01:34 GMT" time="70.342" errors="0">
  <testcase name="test" time="70.342" classname="testingxperts.web.tests.IGP_TC_242"/>
</testsuite> <!-- testingxperts.web.tests.IGP_TC_242 -->
