<?xml version="1.0" encoding="UTF-8"?>
<!-- Generated by org.testng.reporters.JUnitReportReporter -->
<testsuite name="testingxperts.web.tests.IGP_TC_207" tests="1" time="46.148" ignored="0" failures="0" timestamp="01 Mar 2017 09:32:57 GMT" skipped="0" hostname="CB-69" errors="0">
  <testcase name="test" time="46.148" classname="testingxperts.web.tests.IGP_TC_207"/>
</testsuite> <!-- testingxperts.web.tests.IGP_TC_207 -->
