<?xml version="1.0" encoding="UTF-8"?>
<!-- Generated by org.testng.reporters.JUnitReportReporter -->
<testsuite skipped="0" hostname="admin-PC" name="testingxperts.web.tests.IGP_TC_181" tests="1" failures="0" timestamp="14 Apr 2017 06:50:10 GMT" time="94.606" errors="0">
  <testcase name="test" time="94.606" classname="testingxperts.web.tests.IGP_TC_181"/>
</testsuite> <!-- testingxperts.web.tests.IGP_TC_181 -->
