<?xml version="1.0" encoding="UTF-8"?>
<!-- Generated by org.testng.reporters.JUnitReportReporter -->
<testsuite name="testingxperts.web.tests.IGP_TC_098" tests="1" time="31.492" ignored="0" failures="0" timestamp="07 Feb 2017 06:43:39 GMT" skipped="0" hostname="DSCHD-015" errors="0">
  <testcase name="test" time="31.492" classname="testingxperts.web.tests.IGP_TC_098"/>
</testsuite> <!-- testingxperts.web.tests.IGP_TC_098 -->
