<?xml version="1.0" encoding="UTF-8"?>
<!-- Generated by org.testng.reporters.JUnitReportReporter -->
<testsuite skipped="0" hostname="admin-PC" name="testingxperts.web.tests.IGP_TC_174" tests="1" failures="0" timestamp="11 Apr 2017 11:13:46 GMT" time="54.902" errors="0">
  <testcase name="test" time="54.902" classname="testingxperts.web.tests.IGP_TC_174"/>
</testsuite> <!-- testingxperts.web.tests.IGP_TC_174 -->
