<?xml version="1.0" encoding="UTF-8"?>
<!-- Generated by org.testng.reporters.JUnitReportReporter -->
<testsuite skipped="0" hostname="admin-PC" name="testingxperts.web.tests.IGP_TC_178" tests="1" failures="0" timestamp="13 Apr 2017 09:42:27 GMT" time="54.053" errors="0">
  <testcase name="test" time="54.053" classname="testingxperts.web.tests.IGP_TC_178"/>
</testsuite> <!-- testingxperts.web.tests.IGP_TC_178 -->
