<?xml version="1.0" encoding="UTF-8"?>
<!-- Generated by org.testng.reporters.JUnitReportReporter -->
<testsuite skipped="0" hostname="CB-69" name="testingxperts.web.tests.IGP_TC_089" tests="1" failures="0" timestamp="24 Feb 2017 04:25:39 GMT" time="45.420" errors="0">
  <testcase name="test" time="45.420" classname="testingxperts.web.tests.IGP_TC_089"/>
</testsuite> <!-- testingxperts.web.tests.IGP_TC_089 -->
