<?xml version="1.0" encoding="UTF-8"?>
<!-- Generated by org.testng.reporters.JUnitReportReporter -->
<testsuite skipped="0" hostname="admin-PC" name="testingxperts.web.tests.IGP_TC_166" tests="1" failures="0" timestamp="14 Apr 2017 08:16:13 GMT" time="97.935" errors="0">
  <testcase name="test" time="97.935" classname="testingxperts.web.tests.IGP_TC_166"/>
</testsuite> <!-- testingxperts.web.tests.IGP_TC_166 -->
