<?xml version="1.0" encoding="UTF-8"?>
<!-- Generated by org.testng.reporters.JUnitReportReporter -->
<testsuite skipped="0" hostname="admin-PC" name="testingxperts.web.tests.IGP_TC_179" tests="1" failures="0" timestamp="13 Apr 2017 13:48:20 GMT" time="51.748" errors="0">
  <testcase name="test" time="51.748" classname="testingxperts.web.tests.IGP_TC_179"/>
</testsuite> <!-- testingxperts.web.tests.IGP_TC_179 -->
