<?xml version="1.0" encoding="UTF-8"?>
<!-- Generated by org.testng.reporters.JUnitReportReporter -->
<testsuite name="testingxperts.web.tests.IGP_TC_202" tests="1" time="49.737" ignored="0" failures="0" timestamp="01 Mar 2017 07:17:42 GMT" skipped="0" hostname="CB-69" errors="0">
  <testcase name="test" time="49.737" classname="testingxperts.web.tests.IGP_TC_202"/>
</testsuite> <!-- testingxperts.web.tests.IGP_TC_202 -->
