<?xml version="1.0" encoding="UTF-8"?>
<!-- Generated by org.testng.reporters.JUnitReportReporter -->
<testsuite name="testingxperts.web.tests.IGP_TC_091" tests="1" time="75.702" ignored="0" failures="0" timestamp="10 Feb 2017 05:14:56 GMT" skipped="0" hostname="DSCHD-015" errors="0">
  <testcase name="test" time="75.702" classname="testingxperts.web.tests.IGP_TC_091"/>
</testsuite> <!-- testingxperts.web.tests.IGP_TC_091 -->
