<?xml version="1.0" encoding="UTF-8"?>
<!-- Generated by org.testng.reporters.JUnitReportReporter -->
<testsuite skipped="0" hostname="admin-PC" name="testingxperts.web.tests.IGP_TC_180" tests="1" failures="0" timestamp="14 Apr 2017 06:35:06 GMT" time="51.495" errors="0">
  <testcase name="test" time="51.495" classname="testingxperts.web.tests.IGP_TC_180"/>
</testsuite> <!-- testingxperts.web.tests.IGP_TC_180 -->
