<?xml version="1.0" encoding="UTF-8"?>
<!-- Generated by org.testng.reporters.JUnitReportReporter -->
<testsuite name="testingxperts.web.tests.IGP_TC_209" tests="1" time="39.284" ignored="0" failures="0" timestamp="01 Mar 2017 09:46:29 GMT" skipped="0" hostname="CB-69" errors="0">
  <testcase name="test" time="39.284" classname="testingxperts.web.tests.IGP_TC_209"/>
</testsuite> <!-- testingxperts.web.tests.IGP_TC_209 -->
