<?xml version="1.0" encoding="UTF-8"?>
<!-- Generated by org.testng.reporters.JUnitReportReporter -->
<testsuite skipped="0" hostname="admin-PC" name="testingxperts.web.tests.IGP_TC_184" tests="1" failures="0" timestamp="14 Apr 2017 12:30:56 GMT" time="117.986" errors="0">
  <testcase name="test" time="117.986" classname="testingxperts.web.tests.IGP_TC_184"/>
</testsuite> <!-- testingxperts.web.tests.IGP_TC_184 -->
