<?xml version="1.0" encoding="UTF-8"?>
<!-- Generated by org.testng.reporters.JUnitReportReporter -->
<testsuite name="testingxperts.web.tests.IGP_TC_172" tests="1" time="59.737" ignored="0" failures="0" timestamp="07 Feb 2017 14:03:33 GMT" skipped="0" hostname="DSCHD-015" errors="0">
  <testcase name="test" time="59.737" classname="testingxperts.web.tests.IGP_TC_172"/>
</testsuite> <!-- testingxperts.web.tests.IGP_TC_172 -->
