<?xml version="1.0" encoding="UTF-8"?>
<!-- Generated by org.testng.reporters.JUnitReportReporter -->
<testsuite skipped="0" hostname="admin-PC" name="testingxperts.web.tests.IGP_TC_173" tests="1" failures="0" timestamp="11 Apr 2017 11:09:29 GMT" time="84.966" errors="0">
  <testcase name="test" time="84.966" classname="testingxperts.web.tests.IGP_TC_173"/>
</testsuite> <!-- testingxperts.web.tests.IGP_TC_173 -->
