<?xml version="1.0" encoding="UTF-8"?>
<!-- Generated by org.testng.reporters.JUnitReportReporter -->
<testsuite name="testingxperts.web.tests.IGP_TC_URL" tests="1" time="16.590" ignored="0" failures="0" timestamp="24 Feb 2017 07:26:20 GMT" skipped="0" hostname="CB-69" errors="0">
  <testcase name="test" time="16.590" classname="testingxperts.web.tests.IGP_TC_URL"/>
</testsuite> <!-- testingxperts.web.tests.IGP_TC_URL -->
